<?xml version="1.0" encoding="UTF-8" ?>
<testsuite tests="3" failures="0" name="fr.iutinfo.skeleton.common.remote.UsersProviderIntegrationTest" time="2.186" errors="1" skipped="0">
  <properties>
[...]
</properties>
  <testcase classname="fr.iutinfo.skeleton.common.remote.UsersProviderIntegrationTest" name="should_read_remote_user" time="0.774">
    <error message="HTTP 404 Not Found" type="javax.ws.rs.NotFoundException">javax.ws.rs.NotFoundException: HTTP 404 Not Found
	at org.glassfish.jersey.client.JerseyInvocation.convertToException(JerseyInvocation.java:1020)
	at org.glassfish.jersey.client.JerseyInvocation.translate(JerseyInvocation.java:819)
	at org.glassfish.jersey.client.JerseyInvocation.access$700(JerseyInvocation.java:92)
	at org.glassfish.jersey.client.JerseyInvocation$2.call(JerseyInvocation.java:701)
	at org.glassfish.jersey.internal.Errors.process(Errors.java:315)
	at org.glassfish.jersey.internal.Errors.process(Errors.java:297)
	at org.glassfish.jersey.internal.Errors.process(Errors.java:228)
	at org.glassfish.jersey.process.internal.RequestScope.runInScope(RequestScope.java:444)
	at org.glassfish.jersey.client.JerseyInvocation.invoke(JerseyInvocation.java:697)
	at org.glassfish.jersey.client.JerseyInvocation$Builder.method(JerseyInvocation.java:420)
	at org.glassfish.jersey.client.JerseyInvocation$Builder.get(JerseyInvocation.java:316)
	at fr.iutinfo.skeleton.common.remote.UsersProvider.readUser(UsersProvider.java:59)
	at fr.iutinfo.skeleton.common.remote.UsersProviderIntegrationTest.should_read_remote_user(UsersProviderIntegrationTest.java:32)
	at sun.reflect.NativeMethodAccessorImpl.invoke0(Native Method)
	at sun.reflect.NativeMethodAccessorImpl.invoke(NativeMethodAccessorImpl.java:62)
	at sun.reflect.DelegatingMethodAccessorImpl.invoke(DelegatingMethodAccessorImpl.java:43)
	at java.lang.reflect.Method.invoke(Method.java:497)
	at org.junit.runners.model.FrameworkMethod$1.runReflectiveCall(FrameworkMethod.java:50)
	at org.junit.internal.runners.model.ReflectiveCallable.run(ReflectiveCallable.java:12)
	at org.junit.runners.model.FrameworkMethod.invokeExplosively(FrameworkMethod.java:47)
	at org.junit.internal.runners.statements.InvokeMethod.evaluate(InvokeMethod.java:17)
	at org.junit.internal.runners.statements.RunBefores.evaluate(RunBefores.java:26)
	at org.junit.internal.runners.statements.RunAfters.evaluate(RunAfters.java:27)
	at org.junit.runners.ParentRunner.runLeaf(ParentRunner.java:325)
	at org.junit.runners.BlockJUnit4ClassRunner.runChild(BlockJUnit4ClassRunner.java:78)
	at org.junit.runners.BlockJUnit4ClassRunner.runChild(BlockJUnit4ClassRunner.java:57)
	at org.junit.runners.ParentRunner$3.run(ParentRunner.java:290)
	at org.junit.runners.ParentRunner$1.schedule(ParentRunner.java:71)
	at org.junit.runners.ParentRunner.runChildren(ParentRunner.java:288)
	at org.junit.runners.ParentRunner.access$000(ParentRunner.java:58)
	at org.junit.runners.ParentRunner$2.evaluate(ParentRunner.java:268)
	at org.junit.runners.ParentRunner.run(ParentRunner.java:363)
	at org.apache.maven.surefire.junit4.JUnit4TestSet.execute(JUnit4TestSet.java:53)
	at org.apache.maven.surefire.junit4.JUnit4Provider.executeTestSet(JUnit4Provider.java:123)
	at org.apache.maven.surefire.junit4.JUnit4Provider.invoke(JUnit4Provider.java:104)
	at sun.reflect.NativeMethodAccessorImpl.invoke0(Native Method)
	at sun.reflect.NativeMethodAccessorImpl.invoke(NativeMethodAccessorImpl.java:62)
	at sun.reflect.DelegatingMethodAccessorImpl.invoke(DelegatingMethodAccessorImpl.java:43)
	at java.lang.reflect.Method.invoke(Method.java:497)
	at org.apache.maven.surefire.util.ReflectionUtils.invokeMethodWithArray(ReflectionUtils.java:164)
	at org.apache.maven.surefire.booter.ProviderFactory$ProviderProxy.invoke(ProviderFactory.java:110)
	at org.apache.maven.surefire.booter.SurefireStarter.invokeProvider(SurefireStarter.java:175)
	at org.apache.maven.surefire.booter.SurefireStarter.runSuitesInProcessWhenForked(SurefireStarter.java:107)
	at org.apache.maven.surefire.booter.ForkedBooter.main(ForkedBooter.java:68)
</error>
    <system-out>08:23:24,596 |-INFO in ch.qos.logback.classic.LoggerContext[default] - Could NOT find resource [logback.groovy]
08:23:24,596 |-INFO in ch.qos.logback.classic.LoggerContext[default] - Could NOT find resource [logback-test.xml]
08:23:24,596 |-INFO in ch.qos.logback.classic.LoggerContext[default] - Found resource [logback.xml] at [jar:file:/home/infoetu/lesaged/gitAgiles/ProjetAgile_NakedChairs/server/target/server-1.0-SNAPSHOT.jar!/logback.xml]
08:23:24,606 |-INFO in ch.qos.logback.core.joran.spi.ConfigurationWatchList@75881071 - URL [jar:file:/home/infoetu/lesaged/gitAgiles/ProjetAgile_NakedChairs/server/target/server-1.0-SNAPSHOT.jar!/logback.xml] is not of type file
08:23:24,632 |-INFO in ch.qos.logback.classic.joran.action.ConfigurationAction - debug attribute not set
08:23:24,639 |-INFO in ch.qos.logback.core.joran.action.AppenderAction - About to instantiate appender of type [ch.qos.logback.core.ConsoleAppender]
08:23:24,641 |-INFO in ch.qos.logback.core.joran.action.AppenderAction - Naming appender as [STDOUT]
08:23:24,668 |-WARN in ch.qos.logback.core.ConsoleAppender[STDOUT] - This appender no longer admits a layout as a sub-component, set an encoder instead.
08:23:24,668 |-WARN in ch.qos.logback.core.ConsoleAppender[STDOUT] - To ensure compatibility, wrapping your layout in LayoutWrappingEncoder.
08:23:24,668 |-WARN in ch.qos.logback.core.ConsoleAppender[STDOUT] - See also http://logback.qos.ch/codes.html#layoutInsteadOfEncoder for details
08:23:24,668 |-INFO in ch.qos.logback.classic.joran.action.RootLoggerAction - Setting level of ROOT logger to INFO
08:23:24,668 |-INFO in ch.qos.logback.core.joran.action.AppenderRefAction - Attaching appender named [STDOUT] to Logger[ROOT]
08:23:24,669 |-INFO in ch.qos.logback.classic.joran.action.LoggerAction - Setting level of logger [fr.iutinfo.skeleton] to DEBUG
08:23:24,669 |-INFO in ch.qos.logback.classic.joran.action.ConfigurationAction - End of configuration.
08:23:24,669 |-INFO in ch.qos.logback.classic.joran.JoranConfigurator@2a70a3d8 - Registering current configuration as safe fallback point

08:23:24.690 [main] DEBUG fr.iutinfo.skeleton.api.BDDFactory - user.dir : /home/infoetu/lesaged/gitAgiles/ProjetAgile_NakedChairs/client-library
08:23:24.691 [main] DEBUG fr.iutinfo.skeleton.api.BDDFactory - java.io.tmpdir : /tmp
08:23:25.539 [main] DEBUG f.i.s.common.remote.UsersProvider - Reade url : http://localhost:9998/user/Thomas
08:23:25.649 [Worker: RequestDispatcher: Thread-6] DEBUG fr.iutinfo.skeleton.auth.AuthFilter - authorizationHeader : null
</system-out>
    <system-err>mars 24, 2017 8:23:24 AM org.glassfish.jersey.test.simple.SimpleTestContainerFactory$SimpleTestContainer &lt;init&gt;
INFOS: Creating SimpleTestContainer configured at the base URI http://localhost:9998/
</system-err>
  </testcase>
  <testcase classname="fr.iutinfo.skeleton.common.remote.UsersProviderIntegrationTest" name="should_read_all_remote_user" time="0.671"/>
  <testcase classname="fr.iutinfo.skeleton.common.remote.UsersProviderIntegrationTest" name="should_add_remote_user" time="0.313"/>
</testsuite>